<?xml version="1.0" encoding="UTF-8"?>
<!-- Generated by org.testng.reporters.JUnitXMLReporter -->
<testsuite ignored="0" hostname="LAPTOP-J81SHHRK" failures="1" tests="3" name="Test" time="7.098" errors="0" timestamp="2025-06-24T12:30:25 IST">
  <testcase classname="allureReports.Tests_Annotations" name="logopresence" time="0.195"/>
  <testcase classname="allureReports.Tests_Annotations" name="login" time="1.558">
    <failure type="java.lang.AssertionError" message="expected [nopCommerce demo store123] but found [Just a moment...]">
      <![CDATA[java.lang.AssertionError: expected [nopCommerce demo store123] but found [Just a moment...]
at allureReports.Tests_Annotations.login(Tests_Annotations.java:61)
at java.base/java.util.ArrayList.forEach(ArrayList.java:1596)
... Removed 31 stack frames]]>
    </failure>
  </testcase> <!-- login -->
  <testcase classname="allureReports.Tests_Annotations" name="registration" time="0.004">
    <skipped/>
  </testcase> <!-- registration -->
</testsuite> <!-- Test -->
